<?xml version="1.0" encoding="UTF-8"?>
<!-- Generated by org.testng.reporters.JUnitReportReporter -->
<testsuite hostname="arunachalam-Satellite-C50-A422" failures="0" tests="3" name="uiChallenge.UITest" time="23.765" errors="0" timestamp="2023-02-12T14:46:49 IST" skipped="0">
  <testcase classname="uiChallenge.UITest" name="subRegion" time="5.982"/>
  <system-out/>
  <testcase classname="uiChallenge.UITest" name="openPage" time="11.712"/>
  <system-out/>
  <testcase classname="uiChallenge.UITest" name="mainRegion" time="6.071"/>
  <system-out/>
</testsuite> <!-- uiChallenge.UITest -->
